<?xml version="1.0" encoding="utf-8"?><testsuites><testsuite name="pytest" errors="0" failures="0" skipped="0" tests="10" time="0.060" timestamp="2021-04-12T15:11:06.789804" hostname="Denems-MacbookAir.local"><testcase classname="test_src" name="test1_user_verify_invalid_length" time="0.001" /><testcase classname="test_src" name="test2_user_verify_valid_length_alphanum" time="0.001" /><testcase classname="test_src" name="test3_user_verify_invalid_alpha_missing" time="0.001" /><testcase classname="test_src" name="test5_user_verify_invalid_numeric_missing" time="0.001" /><testcase classname="test_src" name="test6_user_verify_uppercase_is_valid" time="0.001" /><testcase classname="test_src" name="test7_user_verify_special_characters_are_valid" time="0.001" /><testcase classname="test_src" name="test8_admin_verify_no_special_chars_invalid" time="0.001" /><testcase classname="test_src" name="test9_admin_verify_invalid_length" time="0.001" /><testcase classname="test_src" name="test10_admin_verify_admin_valid" time="0.001" /><testcase classname="test_src" name="test11_verify_blank" time="0.002" /></testsuite></testsuites>